#
# There is insufficient memory for the Java Runtime Environment to continue.
# Native memory allocation (malloc) failed to allocate 3072 bytes for AllocateHeap
# Possible reasons:
#   The system is out of physical RAM or swap space
#   In 32 bit mode, the process size limit was hit
# Possible solutions:
#   Reduce memory load on the system
#   Increase physical memory or swap space
#   Check if swap backing store is full
#   Use 64 bit Java on a 64 bit OS
#   Decrease Java heap size (-Xmx/-Xms)
#   Decrease number of Java threads
#   Decrease Java thread stack sizes (-Xss)
#   Set larger code cache with -XX:ReservedCodeCacheSize=
# This output file may be truncated or incomplete.
#
#  Out of Memory Error (memory/allocation.inline.hpp:61), pid=7828, tid=0x000000000000545c
#
# JRE version: Java(TM) SE Runtime Environment (8.0_131-b11) (build 1.8.0_131-b11)
# Java VM: Java HotSpot(TM) 64-Bit Server VM (25.131-b11 mixed mode windows-amd64 compressed oops)
# Failed to write core dump. Minidumps are not enabled by default on client versions of Windows
#

---------------  T H R E A D  ---------------

Current thread (0x0000000002710800):  JavaThread "main" [_thread_in_vm, id=21596, stack(0x0000000002610000,0x0000000002710000)]

Stack: [0x0000000002610000,0x0000000002710000]
[error occurred during error reporting (printing stack bounds), id 0xc0000005]

Native frames: (J=compiled Java code, j=interpreted, Vv=VM code, C=native code)


---------------  P R O C E S S  ---------------

Java Threads: ( => current thread )
  0x0000000014e3e800 JavaThread "C2 CompilerThread0" daemon [_thread_in_vm, id=23840, stack(0x0000000016380000,0x0000000016480000)]
  0x0000000014e2b000 JavaThread "Attach Listener" daemon [_thread_blocked, id=23844, stack(0x0000000016280000,0x0000000016380000)]
  0x0000000014e3d000 JavaThread "Signal Dispatcher" daemon [_thread_blocked, id=16132, stack(0x0000000016180000,0x0000000016280000)]
  0x0000000014e0a000 JavaThread "Finalizer" daemon [_thread_blocked, id=23836, stack(0x0000000016080000,0x0000000016180000)]
  0x0000000014de8800 JavaThread "Reference Handler" daemon [_thread_blocked, id=21848, stack(0x0000000015f80000,0x0000000016080000)]
=>0x0000000002710800 JavaThread "main" [_thread_in_vm, id=21596, stack(0x0000000002610000,0x0000000002710000)]

Other Threads:
  0x0000000014de7000 VMThread [stack: 0x0000000015e80000,0x0000000015f80000] [id=21844]

VM state:not at safepoint (normal execution)

VM Mutex/Monitor currently owned by a thread:  ([mutex/lock_event])
[0x00000000021db880] Threads_lock - owner thread: 0x0000000002710800

Heap:
 PSYoungGen      total 18944K, used 655K [0x00000000eb180000, 0x00000000ec680000, 0x0000000100000000)
  eden space 16384K, 4% used [0x00000000eb180000,0x00000000eb223f10,0x00000000ec180000)
  from space 2560K, 0% used [0x00000000ec400000,0x00000000ec400000,0x00000000ec680000)
  to   space 2560K, 0% used [0x00000000ec180000,0x00000000ec180000,0x00000000ec400000)
 ParOldGen       total 44032K, used 0K [0x00000000c1400000, 0x00000000c3f00000, 0x00000000eb180000)
  object space 44032K, 0% used [0x00000000c1400000,0x00000000c1400000,0x00000000c3f00000)
 Metaspace       used 2139K, capacity 4480K, committed 4480K, reserved 1056768K
  class space    used 238K, capacity 384K, committed 384K, reserved 1048576K

Card table byte_map: [0x0000000011bd0000,0x0000000011dd0000] byte_map_base: 0x00000000115c6000

Marking Bits: (ParMarkBitMap*) 0x000000005b5dc720
 Begin Bits: [0x0000000012320000, 0x00000000132d0000)
 End Bits:   [0x00000000132d0000, 0x0000000014280000)

Polling page: 0x00000000021c0000

CodeCache: size=245760Kb used=439Kb max_used=450Kb free=245320Kb
 bounds [0x0000000002810000, 0x0000000002a80000, 0x0000000011810000]
 total_blobs=180 nmethods=0 adapters=131
 compilation: enabled

Compilation events (0 events):
No events

GC Heap History (0 events):
No events

Deoptimization events (0 events):
No events

Internal exceptions (2 events):
Event: 0.056 Thread 0x0000000002710800 Exception <a 'java/lang/NoSuchMethodError': Method sun.misc.Unsafe.defineClass(Ljava/lang/String;[BII)Ljava/lang/Class; name or signature does not match> (0x00000000eb187ca8) thrown at [C:\re\workspace\8-2-build-windows-amd64-cygwin\jdk8u131\8869\hotspot\
Event: 0.056 Thread 0x0000000002710800 Exception <a 'java/lang/NoSuchMethodError': Method sun.misc.Unsafe.prefetchRead(Ljava/lang/Object;J)V name or signature does not match> (0x00000000eb187f90) thrown at [C:\re\workspace\8-2-build-windows-amd64-cygwin\jdk8u131\8869\hotspot\src\share\vm\prims

Events (10 events):
Event: 0.118 loading class sun/misc/URLClassPath done
Event: 0.118 loading class sun/net/www/protocol/jar/Handler
Event: 0.118 loading class sun/net/www/protocol/jar/Handler done
Event: 0.118 loading class sun/misc/Launcher$AppClassLoader$1
Event: 0.118 loading class sun/misc/Launcher$AppClassLoader$1 done
Event: 0.119 loading class java/lang/SystemClassLoaderAction
Event: 0.119 loading class java/lang/SystemClassLoaderAction done
Event: 0.119 Thread 0x0000000014e3d000 Thread added: 0x0000000014e3d000
Event: 0.119 Thread 0x0000000014e2b000 Thread added: 0x0000000014e2b000
Event: 0.119 Thread 0x0000000014e3e800 Thread added: 0x0000000014e3e800


Dynamic libraries:
0x00007ff6f5150000 - 0x00007ff6f5187000 	C:\Program Files\Java\jre1.8.0_131\bin\javaw.exe
0x00007ffc53110000 - 0x00007ffc532d1000 	C:\Windows\SYSTEM32\ntdll.dll
0x00007ffc50960000 - 0x00007ffc50a0d000 	C:\Windows\system32\KERNEL32.DLL
0x00007ffc4f850000 - 0x00007ffc4fa38000 	C:\Windows\system32\KERNELBASE.dll
0x00007ffc53060000 - 0x00007ffc53107000 	C:\Windows\system32\ADVAPI32.dll
0x00007ffc52f10000 - 0x00007ffc52fad000 	C:\Windows\system32\msvcrt.dll
0x00007ffc51130000 - 0x00007ffc5118b000 	C:\Windows\system32\sechost.dll
0x00007ffc51480000 - 0x00007ffc5159c000 	C:\Windows\system32\RPCRT4.dll
0x00007ffc50fd0000 - 0x00007ffc51126000 	C:\Windows\system32\USER32.dll
0x00007ffc512f0000 - 0x00007ffc51477000 	C:\Windows\system32\GDI32.dll
0x00007ffc42fa0000 - 0x00007ffc43214000 	C:\Windows\WinSxS\amd64_microsoft.windows.common-controls_6595b64144ccf1df_6.0.10586.839_none_a2ddba30a539a2ae\COMCTL32.dll
0x00007ffc50590000 - 0x00007ffc5080e000 	C:\Windows\system32\combase.dll
0x00007ffc4fdf0000 - 0x00007ffc4fe5a000 	C:\Windows\system32\bcryptPrimitives.dll
0x00007ffc50b60000 - 0x00007ffc50b9b000 	C:\Windows\system32\IMM32.DLL
0x000000005c980000 - 0x000000005ca52000 	C:\Program Files\Java\jre1.8.0_131\bin\msvcr100.dll
0x000000005adc0000 - 0x000000005b65c000 	C:\Program Files\Java\jre1.8.0_131\bin\server\jvm.dll
0x00007ffc50ad0000 - 0x00007ffc50ad8000 	C:\Windows\system32\PSAPI.DLL
0x00007ffc43660000 - 0x00007ffc4366a000 	C:\Windows\SYSTEM32\VERSION.dll
0x00007ffc48750000 - 0x00007ffc48759000 	C:\Windows\SYSTEM32\WSOCK32.dll
0x00007ffc4de60000 - 0x00007ffc4de83000 	C:\Windows\SYSTEM32\WINMM.dll
0x00007ffc52e90000 - 0x00007ffc52efb000 	C:\Windows\system32\WS2_32.dll
0x00007ffc4de00000 - 0x00007ffc4de2c000 	C:\Windows\SYSTEM32\WINMMBASE.dll
0x00007ffc4fa40000 - 0x00007ffc4fa83000 	C:\Windows\system32\cfgmgr32.dll
0x000000005ca60000 - 0x000000005ca6f000 	C:\Program Files\Java\jre1.8.0_131\bin\verify.dll
0x000000005baa0000 - 0x000000005bac9000 	C:\Program Files\Java\jre1.8.0_131\bin\java.dll
0x000000005ba80000 - 0x000000005ba96000 	C:\Program Files\Java\jre1.8.0_131\bin\zip.dll
0x00007ffc51670000 - 0x00007ffc52bcc000 	C:\Windows\system32\SHELL32.dll
0x00007ffc4fec0000 - 0x00007ffc50504000 	C:\Windows\system32\windows.storage.dll
0x00007ffc50ae0000 - 0x00007ffc50b32000 	C:\Windows\system32\shlwapi.dll
0x00007ffc4f760000 - 0x00007ffc4f76f000 	C:\Windows\system32\kernel.appcore.dll
0x00007ffc4fa90000 - 0x00007ffc4fb45000 	C:\Windows\system32\shcore.dll
0x00007ffc4f770000 - 0x00007ffc4f7bb000 	C:\Windows\system32\powrprof.dll
0x00007ffc4f740000 - 0x00007ffc4f754000 	C:\Windows\system32\profapi.dll

VM Arguments:
jvm_args: -Dfile.encoding=GBK 
java_command: 飞机大战.Main
java_class_path (initial): C:\Users\Lenovo\workspace\飞机大战\bin
Launcher Type: SUN_STANDARD

Environment Variables:
JAVA_HOME=C:\Program Files\Java\jdk1.8.0_131
CLASSPATH=.;C:\Program Files\Java\jdk1.8.0_131\lib
PATH=C:/Program Files/Java/jre1.8.0_131/bin/server;C:/Program Files/Java/jre1.8.0_131/bin;C:/Program Files/Java/jre1.8.0_131/lib/amd64;C:\ProgramData\Oracle\Java\javapath;C:\Windows\system32;C:\Windows;C:\Windows\System32\Wbem;C:\Windows\System32\WindowsPowerShell\v1.0\;C:\Program Files\Java\jdk1.8.0_131\bin;C:\Users\Lenovo\Desktop;
USERNAME=Lenovo
OS=Windows_NT
PROCESSOR_IDENTIFIER=Intel64 Family 6 Model 61 Stepping 4, GenuineIntel



---------------  S Y S T E M  ---------------

OS: Windows 10.0 , 64 bit Build 10586 (10.0.10586.589)

CPU:total 4 (initial active 4) (2 cores per cpu, 2 threads per core) family 6 model 61 stepping 4, cmov, cx8, fxsr, mmx, sse, sse2, sse3, ssse3, sse4.1, sse4.2, popcnt, avx, avx2, aes, clmul, erms, 3dnowpref, lzcnt, ht, tsc, tscinvbit, bmi1, bmi2, adx

Memory: 4k page, physical 4106704k(569456k free), swap 16689616k(5116k free)

vm_info: Java HotSpot(TM) 64-Bit Server VM (25.131-b11) for windows-amd64 JRE (1.8.0_131-b11), built on Mar 15 2017 01:23:53 by "java_re" with MS VC++ 10.0 (VS2010)

time: Thu Jul 20 11:16:30 2017
elapsed time: 0 seconds (0d 0h 0m 0s)

