#
# There is insufficient memory for the Java Runtime Environment to continue.
# Native memory allocation (malloc) failed to allocate 1048576 bytes for AllocateHeap
# Possible reasons:
#   The system is out of physical RAM or swap space
#   In 32 bit mode, the process size limit was hit
# Possible solutions:
#   Reduce memory load on the system
#   Increase physical memory or swap space
#   Check if swap backing store is full
#   Use 64 bit Java on a 64 bit OS
#   Decrease Java heap size (-Xmx/-Xms)
#   Decrease number of Java threads
#   Decrease Java thread stack sizes (-Xss)
#   Set larger code cache with -XX:ReservedCodeCacheSize=
# This output file may be truncated or incomplete.
#
#  Out of Memory Error (memory/allocation.inline.hpp:61), pid=24440, tid=0x0000000000005f44
#
# JRE version:  (8.0_131-b11) (build )
# Java VM: Java HotSpot(TM) 64-Bit Server VM (25.131-b11 mixed mode windows-amd64 compressed oops)
# Failed to write core dump. Minidumps are not enabled by default on client versions of Windows
#

---------------  T H R E A D  ---------------

Current thread (0x0000000002fc0800):  JavaThread "Unknown thread" [_thread_in_vm, id=24388, stack(0x0000000002ec0000,0x0000000002fc0000)]

Stack: [0x0000000002ec0000,0x0000000002fc0000]
[error occurred during error reporting (printing stack bounds), id 0xc0000005]

Native frames: (J=compiled Java code, j=interpreted, Vv=VM code, C=native code)


---------------  P R O C E S S  ---------------

Java Threads: ( => current thread )

Other Threads:

=>0x0000000002fc0800 (exited) JavaThread "Unknown thread" [_thread_in_vm, id=24388, stack(0x0000000002ec0000,0x0000000002fc0000)]

VM state:not at safepoint (normal execution)

VM Mutex/Monitor currently owned by a thread: None

Heap:
 PSYoungGen      total 18944K, used 327K [0x00000000eb180000, 0x00000000ec680000, 0x0000000100000000)
  eden space 16384K, 2% used [0x00000000eb180000,0x00000000eb1d1ec8,0x00000000ec180000)
  from space 2560K, 0% used [0x00000000ec400000,0x00000000ec400000,0x00000000ec680000)
  to   space 2560K, 0% used [0x00000000ec180000,0x00000000ec180000,0x00000000ec400000)
 ParOldGen       total 44032K, used 0K [0x00000000c1400000, 0x00000000c3f00000, 0x00000000eb180000)
  object space 44032K, 0% used [0x00000000c1400000,0x00000000c1400000,0x00000000c3f00000)
 Metaspace       used 746K, capacity 4480K, committed 4480K, reserved 1056768K
  class space    used 75K, capacity 384K, committed 384K, reserved 1048576K

Card table byte_map: [0x0000000012480000,0x0000000012680000] byte_map_base: 0x0000000011e76000

Marking Bits: (ParMarkBitMap*) 0x000000005b5dc720
 Begin Bits: [0x0000000012bd0000, 0x0000000013b80000)
 End Bits:   [0x0000000013b80000, 0x0000000014b30000)

Polling page: 0x0000000000e90000

CodeCache: size=245760Kb used=328Kb max_used=328Kb free=245431Kb
 bounds [0x00000000030c0000, 0x0000000003330000, 0x00000000120c0000]
 total_blobs=58 nmethods=0 adapters=38
 compilation: enabled

Compilation events (0 events):
No events

GC Heap History (0 events):
No events

Deoptimization events (0 events):
No events

Internal exceptions (0 events):
No events

Events (10 events):
Event: 0.140 loading class java/lang/Short
Event: 0.140 loading class java/lang/Short done
Event: 0.140 loading class java/lang/Integer
Event: 0.140 loading class java/lang/Integer done
Event: 0.140 loading class java/lang/Long
Event: 0.140 loading class java/lang/Long done
Event: 0.141 loading class java/lang/NullPointerException
Event: 0.141 loading class java/lang/NullPointerException done
Event: 0.141 loading class java/lang/ArithmeticException
Event: 0.141 loading class java/lang/ArithmeticException done


Dynamic libraries:
0x00007ff6f5150000 - 0x00007ff6f5187000 	C:\Program Files\Java\jre1.8.0_131\bin\javaw.exe
0x00007ffc53110000 - 0x00007ffc532d1000 	C:\Windows\SYSTEM32\ntdll.dll
0x00007ffc50960000 - 0x00007ffc50a0d000 	C:\Windows\system32\KERNEL32.DLL
0x00007ffc4f850000 - 0x00007ffc4fa38000 	C:\Windows\system32\KERNELBASE.dll
0x00007ffc53060000 - 0x00007ffc53107000 	C:\Windows\system32\ADVAPI32.dll
0x00007ffc52f10000 - 0x00007ffc52fad000 	C:\Windows\system32\msvcrt.dll
0x00007ffc51130000 - 0x00007ffc5118b000 	C:\Windows\system32\sechost.dll
0x00007ffc51480000 - 0x00007ffc5159c000 	C:\Windows\system32\RPCRT4.dll
0x00007ffc50fd0000 - 0x00007ffc51126000 	C:\Windows\system32\USER32.dll
0x00007ffc512f0000 - 0x00007ffc51477000 	C:\Windows\system32\GDI32.dll
0x00007ffc42fa0000 - 0x00007ffc43214000 	C:\Windows\WinSxS\amd64_microsoft.windows.common-controls_6595b64144ccf1df_6.0.10586.839_none_a2ddba30a539a2ae\COMCTL32.dll
0x00007ffc50590000 - 0x00007ffc5080e000 	C:\Windows\system32\combase.dll
0x00007ffc4fdf0000 - 0x00007ffc4fe5a000 	C:\Windows\system32\bcryptPrimitives.dll
0x00007ffc50b60000 - 0x00007ffc50b9b000 	C:\Windows\system32\IMM32.DLL
0x000000005c980000 - 0x000000005ca52000 	C:\Program Files\Java\jre1.8.0_131\bin\msvcr100.dll
0x000000005adc0000 - 0x000000005b65c000 	C:\Program Files\Java\jre1.8.0_131\bin\server\jvm.dll
0x00007ffc50ad0000 - 0x00007ffc50ad8000 	C:\Windows\system32\PSAPI.DLL
0x00007ffc43660000 - 0x00007ffc4366a000 	C:\Windows\SYSTEM32\VERSION.dll
0x00007ffc4de60000 - 0x00007ffc4de83000 	C:\Windows\SYSTEM32\WINMM.dll
0x00007ffc48750000 - 0x00007ffc48759000 	C:\Windows\SYSTEM32\WSOCK32.dll
0x00007ffc52e90000 - 0x00007ffc52efb000 	C:\Windows\system32\WS2_32.dll
0x0000000002ad0000 - 0x0000000002afc000 	C:\Windows\SYSTEM32\WINMMBASE.dll
0x00007ffc4fa40000 - 0x00007ffc4fa83000 	C:\Windows\system32\cfgmgr32.dll
0x000000005ca60000 - 0x000000005ca6f000 	C:\Program Files\Java\jre1.8.0_131\bin\verify.dll
0x000000005baa0000 - 0x000000005bac9000 	C:\Program Files\Java\jre1.8.0_131\bin\java.dll
0x000000005ba80000 - 0x000000005ba96000 	C:\Program Files\Java\jre1.8.0_131\bin\zip.dll

VM Arguments:
jvm_args: -Dfile.encoding=GBK 
java_command: 飞机大战.Main
java_class_path (initial): C:\Users\Lenovo\workspace\飞机大战\bin
Launcher Type: SUN_STANDARD

Environment Variables:
JAVA_HOME=C:\Program Files\Java\jdk1.8.0_131
CLASSPATH=.;C:\Program Files\Java\jdk1.8.0_131\lib
PATH=C:/Program Files/Java/jre1.8.0_131/bin/server;C:/Program Files/Java/jre1.8.0_131/bin;C:/Program Files/Java/jre1.8.0_131/lib/amd64;C:\ProgramData\Oracle\Java\javapath;C:\Windows\system32;C:\Windows;C:\Windows\System32\Wbem;C:\Windows\System32\WindowsPowerShell\v1.0\;C:\Program Files\Java\jdk1.8.0_131\bin;C:\Users\Lenovo\Desktop;
USERNAME=Lenovo
OS=Windows_NT
PROCESSOR_IDENTIFIER=Intel64 Family 6 Model 61 Stepping 4, GenuineIntel



---------------  S Y S T E M  ---------------

OS: Windows 10.0 , 64 bit Build 10586 (10.0.10586.589)

CPU:total 4 (initial active 4) (2 cores per cpu, 2 threads per core) family 6 model 61 stepping 4, cmov, cx8, fxsr, mmx, sse, sse2, sse3, ssse3, sse4.1, sse4.2, popcnt, avx, avx2, aes, clmul, erms, 3dnowpref, lzcnt, ht, tsc, tscinvbit, bmi1, bmi2, adx

Memory: 4k page, physical 4106704k(576084k free), swap 16689616k(8764k free)

vm_info: Java HotSpot(TM) 64-Bit Server VM (25.131-b11) for windows-amd64 JRE (1.8.0_131-b11), built on Mar 15 2017 01:23:53 by "java_re" with MS VC++ 10.0 (VS2010)

time: Thu Jul 20 11:16:16 2017
elapsed time: 0 seconds (0d 0h 0m 0s)

